<?xml version="1.0" encoding="UTF-8"?>
<testsuite name="example.jbot.slack.SlackBotTest" time="0.227" tests="8" errors="0" skipped="0" failures="0">
  <properties>
[...]
</properties>
  <testcase name="when_ConversationPattern_Should_StartConversation" classname="example.jbot.slack.SlackBotTest" time="0.129"/>
  <testcase name="when_DirectMessageWithPattern_Should_InvokeOnDirectMessage" classname="example.jbot.slack.SlackBotTest" time="0.008"/>
  <testcase name="when_DirectMessage_Should_InvokeOnDirectMessage" classname="example.jbot.slack.SlackBotTest" time="0.009"/>
  <testcase name="when_DirectMessage_Should_InvokeOnPinAdded" classname="example.jbot.slack.SlackBotTest" time="0.008"/>
  <testcase name="when_DirectMention_Should_InvokeOnDirectMention" classname="example.jbot.slack.SlackBotTest" time="0.009"/>
  <testcase name="given_InConversation_when_AnswerNo_Should_StopConversation" classname="example.jbot.slack.SlackBotTest" time="0.03"/>
  <testcase name="when_DirectMessage_Should_InvokeOnFileShared" classname="example.jbot.slack.SlackBotTest" time="0.02"/>
  <testcase name="when_MessageWithPattern_Should_InvokeOnReceiveMessageWithPattern" classname="example.jbot.slack.SlackBotTest" time="0.014"/>
</testsuite>