<?xml version="1.0" encoding="UTF-8"?>
<testsuite name="example.jbot.slack.SlackWebhooksTest" time="0" tests="1" errors="0" skipped="1" failures="0">
  <properties>
[...]
</properties>
  <testcase name="example.jbot.slack.SlackWebhooksTest" classname="example.jbot.slack.SlackWebhooksTest" time="0">
    <skipped/>
    <system-out><![CDATA[17:07:31.398 [main] DEBUG org.springframework.test.context.junit4.SpringJUnit4ClassRunner - SpringJUnit4ClassRunner constructor called with [class example.jbot.slack.SlackSlashCommandTest]
17:07:31.424 [main] DEBUG org.springframework.test.context.BootstrapUtils - Instantiating CacheAwareContextLoaderDelegate from class [org.springframework.test.context.cache.DefaultCacheAwareContextLoaderDelegate]
17:07:31.456 [main] DEBUG org.springframework.test.context.BootstrapUtils - Instantiating BootstrapContext using constructor [public org.springframework.test.context.support.DefaultBootstrapContext(java.lang.Class,org.springframework.test.context.CacheAwareContextLoaderDelegate)]
17:07:31.487 [main] DEBUG org.springframework.test.context.BootstrapUtils - Instantiating TestContextBootstrapper for test class [example.jbot.slack.SlackSlashCommandTest] from class [org.springframework.boot.test.autoconfigure.web.servlet.WebMvcTestContextBootstrapper]
17:07:31.539 [main] INFO org.springframework.boot.test.autoconfigure.web.servlet.WebMvcTestContextBootstrapper - Neither @ContextConfiguration nor @ContextHierarchy found for test class [example.jbot.slack.SlackSlashCommandTest], using SpringBootContextLoader
17:07:31.555 [main] DEBUG org.springframework.test.context.support.AbstractContextLoader - Did not detect default resource location for test class [example.jbot.slack.SlackSlashCommandTest]: class path resource [example/jbot/slack/SlackSlashCommandTest-context.xml] does not exist
17:07:31.556 [main] DEBUG org.springframework.test.context.support.AbstractContextLoader - Did not detect default resource location for test class [example.jbot.slack.SlackSlashCommandTest]: class path resource [example/jbot/slack/SlackSlashCommandTestContext.groovy] does not exist
17:07:31.557 [main] INFO org.springframework.test.context.support.AbstractContextLoader - Could not detect default resource locations for test class [example.jbot.slack.SlackSlashCommandTest]: no resource found for suffixes {-context.xml, Context.groovy}.
17:07:31.559 [main] INFO org.springframework.test.context.support.AnnotationConfigContextLoaderUtils - Could not detect default configuration classes for test class [example.jbot.slack.SlackSlashCommandTest]: SlackSlashCommandTest does not declare any static, non-private, non-final, nested classes annotated with @Configuration.
17:07:31.667 [main] DEBUG org.springframework.test.context.support.ActiveProfilesUtils - Could not find an 'annotation declaring class' for annotation type [org.springframework.test.context.ActiveProfiles] and class [example.jbot.slack.SlackSlashCommandTest]
17:07:31.732 [main] DEBUG org.springframework.core.env.StandardEnvironment - Adding [systemProperties] PropertySource with lowest search precedence
17:07:31.733 [main] DEBUG org.springframework.core.env.StandardEnvironment - Adding [systemEnvironment] PropertySource with lowest search precedence
17:07:31.733 [main] DEBUG org.springframework.core.env.StandardEnvironment - Initialized StandardEnvironment with PropertySources [systemProperties,systemEnvironment]
17:07:31.745 [main] DEBUG org.springframework.core.io.support.PathMatchingResourcePatternResolver - Resolved classpath location [example/jbot/slack/] to resources [URL [file:/home/rihabm/Documents/jbot-example/target/test-classes/example/jbot/slack/], URL [file:/home/rihabm/Documents/jbot-example/target/classes/example/jbot/slack/]]
17:07:31.745 [main] DEBUG org.springframework.core.io.support.PathMatchingResourcePatternResolver - Looking for matching resources in directory tree [/home/rihabm/Documents/jbot-example/target/test-classes/example/jbot/slack]
17:07:31.746 [main] DEBUG org.springframework.core.io.support.PathMatchingResourcePatternResolver - Searching directory [/home/rihabm/Documents/jbot-example/target/test-classes/example/jbot/slack] for files matching pattern [/home/rihabm/Documents/jbot-example/target/test-classes/example/jbot/slack/*.class]
17:07:31.749 [main] DEBUG org.springframework.core.io.support.PathMatchingResourcePatternResolver - Looking for matching resources in directory tree [/home/rihabm/Documents/jbot-example/target/classes/example/jbot/slack]
17:07:31.749 [main] DEBUG org.springframework.core.io.support.PathMatchingResourcePatternResolver - Searching directory [/home/rihabm/Documents/jbot-example/target/classes/example/jbot/slack] for files matching pattern [/home/rihabm/Documents/jbot-example/target/classes/example/jbot/slack/*.class]
17:07:31.750 [main] DEBUG org.springframework.core.io.support.PathMatchingResourcePatternResolver - Resolved location pattern [classpath*:example/jbot/slack/*.class] to resources [file [/home/rihabm/Documents/jbot-example/target/test-classes/example/jbot/slack/SlackBotTest$TestBot.class], file [/home/rihabm/Documents/jbot-example/target/test-classes/example/jbot/slack/SlackBotTest.class], file [/home/rihabm/Documents/jbot-example/target/test-classes/example/jbot/slack/SlackSlashCommandTest.class], file [/home/rihabm/Documents/jbot-example/target/test-classes/example/jbot/slack/SlackWebhooksTest.class], file [/home/rihabm/Documents/jbot-example/target/classes/example/jbot/slack/SlackBot.class], file [/home/rihabm/Documents/jbot-example/target/classes/example/jbot/slack/SlackSlashCommand.class], file [/home/rihabm/Documents/jbot-example/target/classes/example/jbot/slack/SlackWebhooks.class]]
17:07:31.787 [main] DEBUG org.springframework.core.io.support.PathMatchingResourcePatternResolver - Resolved classpath location [example/jbot/] to resources [URL [file:/home/rihabm/Documents/jbot-example/target/test-classes/example/jbot/], URL [file:/home/rihabm/Documents/jbot-example/target/classes/example/jbot/]]
17:07:31.787 [main] DEBUG org.springframework.core.io.support.PathMatchingResourcePatternResolver - Looking for matching resources in directory tree [/home/rihabm/Documents/jbot-example/target/test-classes/example/jbot]
17:07:31.787 [main] DEBUG org.springframework.core.io.support.PathMatchingResourcePatternResolver - Searching directory [/home/rihabm/Documents/jbot-example/target/test-classes/example/jbot] for files matching pattern [/home/rihabm/Documents/jbot-example/target/test-classes/example/jbot/*.class]
17:07:31.787 [main] DEBUG org.springframework.core.io.support.PathMatchingResourcePatternResolver - Looking for matching resources in directory tree [/home/rihabm/Documents/jbot-example/target/classes/example/jbot]
17:07:31.787 [main] DEBUG org.springframework.core.io.support.PathMatchingResourcePatternResolver - Searching directory [/home/rihabm/Documents/jbot-example/target/classes/example/jbot] for files matching pattern [/home/rihabm/Documents/jbot-example/target/classes/example/jbot/*.class]
17:07:31.788 [main] DEBUG org.springframework.core.io.support.PathMatchingResourcePatternResolver - Resolved location pattern [classpath*:example/jbot/*.class] to resources [file [/home/rihabm/Documents/jbot-example/target/classes/example/jbot/JBotApplication.class]]
17:07:31.810 [main] DEBUG org.springframework.context.annotation.ClassPathScanningCandidateComponentProvider - Identified candidate component class: file [/home/rihabm/Documents/jbot-example/target/classes/example/jbot/JBotApplication.class]
17:07:31.811 [main] INFO org.springframework.boot.test.context.SpringBootTestContextBootstrapper - Found @SpringBootConfiguration example.jbot.JBotApplication for test class example.jbot.slack.SlackSlashCommandTest
17:07:31.815 [main] DEBUG org.springframework.boot.test.autoconfigure.web.servlet.WebMvcTestContextBootstrapper - @TestExecutionListeners is not present for class [example.jbot.slack.SlackSlashCommandTest]: using defaults.
17:07:31.818 [main] INFO org.springframework.boot.test.autoconfigure.web.servlet.WebMvcTestContextBootstrapper - Loaded default TestExecutionListener class names from location [META-INF/spring.factories]: [org.springframework.boot.test.mock.mockito.MockitoTestExecutionListener, org.springframework.boot.test.mock.mockito.ResetMocksTestExecutionListener, org.springframework.boot.test.autoconfigure.AutoConfigureReportTestExecutionListener, org.springframework.boot.test.autoconfigure.restdocs.RestDocsTestExecutionListener, org.springframework.boot.test.autoconfigure.web.client.MockRestServiceServerResetTestExecutionListener, org.springframework.test.context.web.ServletTestExecutionListener, org.springframework.test.context.support.DirtiesContextBeforeModesTestExecutionListener, org.springframework.test.context.support.DependencyInjectionTestExecutionListener, org.springframework.test.context.support.DirtiesContextTestExecutionListener, org.springframework.test.context.transaction.TransactionalTestExecutionListener, org.springframework.test.context.jdbc.SqlScriptsTestExecutionListener]
17:07:31.826 [main] INFO org.springframework.boot.test.autoconfigure.web.servlet.WebMvcTestContextBootstrapper - Could not instantiate TestExecutionListener [org.springframework.test.context.jdbc.SqlScriptsTestExecutionListener]. Specify custom listener classes or make the default listener classes (and their required dependencies) available. Offending class: [org/springframework/transaction/interceptor/TransactionAttribute]
17:07:31.827 [main] INFO org.springframework.boot.test.autoconfigure.web.servlet.WebMvcTestContextBootstrapper - Could not instantiate TestExecutionListener [org.springframework.test.context.transaction.TransactionalTestExecutionListener]. Specify custom listener classes or make the default listener classes (and their required dependencies) available. Offending class: [org/springframework/transaction/TransactionDefinition]
17:07:31.830 [main] INFO org.springframework.boot.test.autoconfigure.web.servlet.WebMvcTestContextBootstrapper - Using TestExecutionListeners: [org.springframework.test.context.web.ServletTestExecutionListener@40e6dfe1, org.springframework.test.context.support.DirtiesContextBeforeModesTestExecutionListener@1b083826, org.springframework.boot.test.autoconfigure.AutoConfigureReportTestExecutionListener@105fece7, org.springframework.test.context.support.DependencyInjectionTestExecutionListener@3ec300f1, org.springframework.test.context.support.DirtiesContextTestExecutionListener@482cd91f, org.springframework.boot.test.autoconfigure.restdocs.RestDocsTestExecutionListener@123f1134, org.springframework.boot.test.mock.mockito.MockitoTestExecutionListener@7d68ef40, org.springframework.boot.test.mock.mockito.ResetMocksTestExecutionListener@5b0abc94, org.springframework.boot.test.autoconfigure.web.client.MockRestServiceServerResetTestExecutionListener@75c072cb]
17:07:31.888 [main] DEBUG org.springframework.test.annotation.ProfileValueUtils - Retrieved @ProfileValueSourceConfiguration [null] for test class [example.jbot.slack.SlackSlashCommandTest]
17:07:31.889 [main] DEBUG org.springframework.test.annotation.ProfileValueUtils - Retrieved ProfileValueSource type [class org.springframework.test.annotation.SystemProfileValueSource] for class [example.jbot.slack.SlackSlashCommandTest]
]]></system-out>
  </testcase>
</testsuite>